[35m[1mScanning dependencies of target icp[0m
[35m[1mScanning dependencies of target map[0m
[ 11%] [32mBuilding CXX object CMakeFiles/icp.dir/src/icp/eigen_icp_2d.cpp.o[0m
[ 22%] [32mBuilding CXX object CMakeFiles/map.dir/src/map.cpp.o[0m
[ 33%] [32m[1mLinking CXX shared library /home/lattinone/catkin_ws/robot_programming/devel/.private/icp_localization/lib/libmap.so[0m
[ 33%] Built target map
[ 44%] [32m[1mLinking CXX shared library /home/lattinone/catkin_ws/robot_programming/devel/.private/icp_localization/lib/libicp.so[0m
[ 44%] Built target icp
[35m[1mScanning dependencies of target localizer2d[0m
[ 55%] [32mBuilding CXX object CMakeFiles/localizer2d.dir/src/localizer2d.cpp.o[0m
[ 66%] [32mBuilding CXX object CMakeFiles/localizer2d.dir/src/ros_bridge.cpp.o[0m
In file included from [01m[K/home/lattinone/catkin_ws/robot_programming/src/icp_localization/include/localizer2d.h:7[m[K,
                 from [01m[K/home/lattinone/catkin_ws/robot_programming/src/icp_localization/src/localizer2d.cpp:1[m[K:
[01m[K/home/lattinone/catkin_ws/robot_programming/src/icp_localization/include/map.h:6:10:[m[K [01;31m[Kfatal error: [m[Kopencv2/core.hpp: No such file or directory
    6 | #include [01;31m[K<opencv2/core.hpp>[m[K
      |          [01;31m[K^~~~~~~~~~~~~~~~~~[m[K
compilation terminated.
make[2]: *** [CMakeFiles/localizer2d.dir/build.make:63: CMakeFiles/localizer2d.dir/src/localizer2d.cpp.o] Error 1
make[2]: *** Waiting for unfinished jobs....
make[1]: *** [CMakeFiles/Makefile2:412: CMakeFiles/localizer2d.dir/all] Error 2
make: *** [Makefile:141: all] Error 2
