[01m[K/home/lattinone/catkin_ws/robot_programming/src/icp_localization/bin/localizer_node.cpp:[m[K In function â€˜[01m[Kvoid callback_scan(const LaserScanConstPtr&)[m[Kâ€™:
[01m[K/home/lattinone/catkin_ws/robot_programming/src/icp_localization/bin/localizer_node.cpp:154:3:[m[K [01;31m[Kerror: [m[Kâ€˜[01m[Klocalizer2D[m[Kâ€™ was not declared in this scope; did you mean â€˜[01m[KLocalizer2D[m[Kâ€™?
  154 |   [01;31m[Klocalizer2D[m[K.getPrediction(prediction_)
      |   [01;31m[K^~~~~~~~~~~[m[K
      |   [32m[KLocalizer2D[m[K
make[2]: *** [CMakeFiles/localizer_node.dir/build.make:63: CMakeFiles/localizer_node.dir/bin/localizer_node.cpp.o] Error 1
make[1]: *** [CMakeFiles/Makefile2:1764: CMakeFiles/localizer_node.dir/all] Error 2
make: *** [Makefile:141: all] Error 2
