[01m[K/home/lattinone/catkin_ws/robot_programming/src/icp_localization/src/localizer2d.cpp:[m[K In member function â€˜[01m[Kvoid Localizer2D::getPrediction(Localizer2D::ContainerType&)[m[Kâ€™:
[01m[K/home/lattinone/catkin_ws/robot_programming/src/icp_localization/src/localizer2d.cpp:199:51:[m[K [01;31m[Kerror: [m[Kâ€˜[01m[Knum_pred[m[Kâ€™ was not declared in this scope
  199 |    std::cerr << "the size of the predicted is:"<< [01;31m[Knum_pred[m[K<< std::endl;
      |                                                   [01;31m[K^~~~~~~~[m[K
make[2]: *** [CMakeFiles/localizer2d.dir/build.make:63: CMakeFiles/localizer2d.dir/src/localizer2d.cpp.o] Error 1
make[1]: *** [CMakeFiles/Makefile2:412: CMakeFiles/localizer2d.dir/all] Error 2
make: *** [Makefile:141: all] Error 2
