[01m[K/home/lattinone/catkin_ws/robot_programming/src/icp_localization/src/localizer2d.cpp:[m[K In member function â€˜[01m[Kvoid Localizer2D::process(const ContainerType&)[m[Kâ€™:
[01m[K/home/lattinone/catkin_ws/robot_programming/src/icp_localization/src/localizer2d.cpp:126:3:[m[K [01;31m[Kerror: [m[Kâ€˜[01m[Klocalizer[m[Kâ€™ was not declared in this scope; did you mean â€˜[01m[KLocalizer2D[m[Kâ€™?
  126 |   [01;31m[Klocalizer[m[K.X()=_laser_in_world;
      |   [01;31m[K^~~~~~~~~[m[K
      |   [32m[KLocalizer2D[m[K
make[2]: *** [CMakeFiles/localizer2d.dir/build.make:63: CMakeFiles/localizer2d.dir/src/localizer2d.cpp.o] Error 1
make[1]: *** [CMakeFiles/Makefile2:412: CMakeFiles/localizer2d.dir/all] Error 2
make: *** [Makefile:141: all] Error 2
