[01m[K/home/lattinone/catkin_ws/robot_programming/src/icp_localization/bin/localizer_node.cpp:[m[K In function â€˜[01m[Kvoid callback_initialpose(const PoseWithCovarianceStampedConstPtr&)[m[Kâ€™:
[01m[K/home/lattinone/catkin_ws/robot_programming/src/icp_localization/bin/localizer_node.cpp:90:89:[m[K [01;31m[Kerror: [m[Ka function-definition is not allowed here before â€˜[01m[K{[m[Kâ€™ token
   90 | void callback_initialpose(const geometry_msgs::PoseWithCovarianceStampedConstPtr& msg_) [01;31m[K{[m[K
      |                                                                                         [01;31m[K^[m[K
[01m[K/home/lattinone/catkin_ws/robot_programming/src/icp_localization/bin/localizer_node.cpp:113:64:[m[K [01;31m[Kerror: [m[Ka function-definition is not allowed here before â€˜[01m[K{[m[Kâ€™ token
  113 | void callback_scan(const sensor_msgs::LaserScanConstPtr& msg_) [01;31m[K{[m[K
      |                                                                [01;31m[K^[m[K
[01m[K/home/lattinone/catkin_ws/robot_programming/src/icp_localization/bin/localizer_node.cpp:153:1:[m[K [01;31m[Kerror: [m[Kexpected â€˜[01m[K}[m[Kâ€™ at end of input
  153 | [01;31m[K}[m[K
      | [01;31m[K^[m[K
[01m[K/home/lattinone/catkin_ws/robot_programming/src/icp_localization/bin/localizer_node.cpp:82:67:[m[K [01;36m[Knote: [m[Kto match this â€˜[01m[K{[m[Kâ€™
   82 |     const geometry_msgs::PoseWithCovarianceStampedConstPtr& msg_) [01;36m[K{[m[K
      |                                                                   [01;36m[K^[m[K
make[2]: *** [CMakeFiles/localizer_node.dir/build.make:63: CMakeFiles/localizer_node.dir/bin/localizer_node.cpp.o] Error 1
make[1]: *** [CMakeFiles/Makefile2:1764: CMakeFiles/localizer_node.dir/all] Error 2
make: *** [Makefile:141: all] Error 2
